# JRE version: Java(TM) SE Runtime Environment (8.0_121-b13) (build 1.8.0_121-b13)
# Java VM: Java HotSpot(TM) 64-Bit Server VM (25.121-b13 mixed mode linux-amd64 compressed oops)
Heap:
 PSYoungGen      total 335360K, used 69166K [0x00000000e7000000, 0x00000000fed00000, 0x0000000100000000)
  eden space 318464K, 16% used [0x00000000e7000000,0x00000000ea385710,0x00000000fa700000)
  from space 16896K, 97% used [0x00000000fb480000,0x00000000fc486478,0x00000000fc500000)
  to   space 35840K, 0% used [0x00000000fca00000,0x00000000fca00000,0x00000000fed00000)
 ParOldGen       total 250880K, used 185287K [0x00000000b5000000, 0x00000000c4500000, 0x00000000e7000000)
  object space 250880K, 73% used [0x00000000b5000000,0x00000000c04f1fc0,0x00000000c4500000)
 Metaspace       used 129124K, capacity 144918K, committed 145252K, reserved 1175552K
  class space    used 15778K, capacity 19960K, committed 20084K, reserved 1048576K
GC Heap History (10 events):
Event: 207.854 GC heap before
{Heap before GC invocations=44 (full 10):
 PSYoungGen      total 366592K, used 186476K [0x00000000e7000000, 0x00000000ffe80000, 0x0000000100000000)
  eden space 324608K, 57% used [0x00000000e7000000,0x00000000f261b268,0x00000000fad00000)
  from space 41984K, 0% used [0x00000000fad00000,0x00000000fad00000,0x00000000fd600000)
  to   space 41472K, 0% used [0x00000000fd600000,0x00000000fd600000,0x00000000ffe80000)
 ParOldGen       total 250880K, used 180342K [0x00000000b5000000, 0x00000000c4500000, 0x00000000e7000000)
  object space 250880K, 71% used [0x00000000b5000000,0x00000000c001d928,0x00000000c4500000)
 Metaspace       used 114266K, capacity 129114K, committed 129252K, reserved 1161216K
  class space    used 14149K, capacity 18105K, committed 18164K, reserved 1048576K
Event: 207.863 GC heap after
Heap after GC invocations=44 (full 10):
 PSYoungGen      total 362496K, used 17351K [0x00000000e7000000, 0x00000000ffa80000, 0x0000000100000000)
  eden space 325120K, 0% used [0x00000000e7000000,0x00000000e7000000,0x00000000fad80000)
  from space 37376K, 46% used [0x00000000fd600000,0x00000000fe6f1fc0,0x00000000ffa80000)
  to   space 39424K, 0% used [0x00000000fad80000,0x00000000fad80000,0x00000000fd400000)
 ParOldGen       total 250880K, used 180342K [0x00000000b5000000, 0x00000000c4500000, 0x00000000e7000000)
  object space 250880K, 71% used [0x00000000b5000000,0x00000000c001d928,0x00000000c4500000)
 Metaspace       used 114266K, capacity 129114K, committed 129252K, reserved 1161216K
  class space    used 14149K, capacity 18105K, committed 18164K, reserved 1048576K
}
Event: 207.863 GC heap before
{Heap before GC invocations=45 (full 11):
 PSYoungGen      total 362496K, used 17351K [0x00000000e7000000, 0x00000000ffa80000, 0x0000000100000000)
  eden space 325120K, 0% used [0x00000000e7000000,0x00000000e7000000,0x00000000fad80000)
  from space 37376K, 46% used [0x00000000fd600000,0x00000000fe6f1fc0,0x00000000ffa80000)
  to   space 39424K, 0% used [0x00000000fad80000,0x00000000fad80000,0x00000000fd400000)
 ParOldGen       total 250880K, used 180342K [0x00000000b5000000, 0x00000000c4500000, 0x00000000e7000000)
  object space 250880K, 71% used [0x00000000b5000000,0x00000000c001d928,0x00000000c4500000)
 Metaspace       used 114266K, capacity 129114K, committed 129252K, reserved 1161216K
  class space    used 14149K, capacity 18105K, committed 18164K, reserved 1048576K
Event: 208.237 GC heap after
Heap after GC invocations=45 (full 11):
 PSYoungGen      total 362496K, used 0K [0x00000000e7000000, 0x00000000ffa80000, 0x0000000100000000)
  eden space 325120K, 0% used [0x00000000e7000000,0x00000000e7000000,0x00000000fad80000)
  from space 37376K, 0% used [0x00000000fd600000,0x00000000fd600000,0x00000000ffa80000)
  to   space 39424K, 0% used [0x00000000fad80000,0x00000000fad80000,0x00000000fd400000)
 ParOldGen       total 250880K, used 185263K [0x00000000b5000000, 0x00000000c4500000, 0x00000000e7000000)
  object space 250880K, 73% used [0x00000000b5000000,0x00000000c04ebfc0,0x00000000c4500000)
 Metaspace       used 114266K, capacity 129114K, committed 129252K, reserved 1161216K
  class space    used 14149K, capacity 18105K, committed 18164K, reserved 1048576K
}
Event: 243.458 GC heap before
{Heap before GC invocations=46 (full 11):
 PSYoungGen      total 362496K, used 325120K [0x00000000e7000000, 0x00000000ffa80000, 0x0000000100000000)
  eden space 325120K, 100% used [0x00000000e7000000,0x00000000fad80000,0x00000000fad80000)
  from space 37376K, 0% used [0x00000000fd600000,0x00000000fd600000,0x00000000ffa80000)
  to   space 39424K, 0% used [0x00000000fad80000,0x00000000fad80000,0x00000000fd400000)
 ParOldGen       total 250880K, used 185263K [0x00000000b5000000, 0x00000000c4500000, 0x00000000e7000000)
  object space 250880K, 73% used [0x00000000b5000000,0x00000000c04ebfc0,0x00000000c4500000)
 Metaspace       used 121348K, capacity 136484K, committed 136548K, reserved 1167360K
  class space    used 14975K, capacity 19012K, committed 19060K, reserved 1048576K
Event: 243.484 GC heap after
Heap after GC invocations=46 (full 11):
 PSYoungGen      total 364544K, used 17489K [0x00000000e7000000, 0x00000000fff00000, 0x0000000100000000)
  eden space 325120K, 0% used [0x00000000e7000000,0x00000000e7000000,0x00000000fad80000)
  from space 39424K, 44% used [0x00000000fad80000,0x00000000fbe94698,0x00000000fd400000)
  to   space 37888K, 0% used [0x00000000fda00000,0x00000000fda00000,0x00000000fff00000)
 ParOldGen       total 250880K, used 185271K [0x00000000b5000000, 0x00000000c4500000, 0x00000000e7000000)
  object space 250880K, 73% used [0x00000000b5000000,0x00000000c04edfc0,0x00000000c4500000)
 Metaspace       used 121348K, capacity 136484K, committed 136548K, reserved 1167360K
  class space    used 14975K, capacity 19012K, committed 19060K, reserved 1048576K
}
Event: 281.029 GC heap before
{Heap before GC invocations=47 (full 11):
 PSYoungGen      total 364544K, used 342609K [0x00000000e7000000, 0x00000000fff00000, 0x0000000100000000)
  eden space 325120K, 100% used [0x00000000e7000000,0x00000000fad80000,0x00000000fad80000)
  from space 39424K, 44% used [0x00000000fad80000,0x00000000fbe94698,0x00000000fd400000)
  to   space 37888K, 0% used [0x00000000fda00000,0x00000000fda00000,0x00000000fff00000)
 ParOldGen       total 250880K, used 185271K [0x00000000b5000000, 0x00000000c4500000, 0x00000000e7000000)
  object space 250880K, 73% used [0x00000000b5000000,0x00000000c04edfc0,0x00000000c4500000)
 Metaspace       used 124407K, capacity 139902K, committed 140260K, reserved 1169408K
  class space    used 15233K, capacity 19330K, committed 19444K, reserved 1048576K
Event: 281.054 GC heap after
Heap after GC invocations=47 (full 11):
 PSYoungGen      total 367616K, used 13815K [0x00000000e7000000, 0x00000000ffc80000, 0x0000000100000000)
  eden space 332288K, 0% used [0x00000000e7000000,0x00000000e7000000,0x00000000fb480000)
  from space 35328K, 39% used [0x00000000fda00000,0x00000000fe77df28,0x00000000ffc80000)
  to   space 36864K, 0% used [0x00000000fb480000,0x00000000fb480000,0x00000000fd880000)
 ParOldGen       total 250880K, used 185279K [0x00000000b5000000, 0x00000000c4500000, 0x00000000e7000000)
  object space 250880K, 73% used [0x00000000b5000000,0x00000000c04effc0,0x00000000c4500000)
 Metaspace       used 124407K, capacity 139902K, committed 140260K, reserved 1169408K
  class space    used 15233K, capacity 19330K, committed 19444K, reserved 1048576K
}
Event: 4246.642 GC heap before
{Heap before GC invocations=48 (full 11):
 PSYoungGen      total 367616K, used 345903K [0x00000000e7000000, 0x00000000ffc80000, 0x0000000100000000)
  eden space 332288K, 99% used [0x00000000e7000000,0x00000000fb44e038,0x00000000fb480000)
  from space 35328K, 39% used [0x00000000fda00000,0x00000000fe77df28,0x00000000ffc80000)
  to   space 36864K, 0% used [0x00000000fb480000,0x00000000fb480000,0x00000000fd880000)
 ParOldGen       total 250880K, used 185279K [0x00000000b5000000, 0x00000000c4500000, 0x00000000e7000000)
  object space 250880K, 73% used [0x00000000b5000000,0x00000000c04effc0,0x00000000c4500000)
 Metaspace       used 128986K, capacity 144846K, committed 145124K, reserved 1175552K
  class space    used 15760K, capacity 19896K, committed 19956K, reserved 1048576K
Event: 4246.658 GC heap after
Heap after GC invocations=48 (full 11):
 PSYoungGen      total 335360K, used 16409K [0x00000000e7000000, 0x00000000fed00000, 0x0000000100000000)
  eden space 318464K, 0% used [0x00000000e7000000,0x00000000e7000000,0x00000000fa700000)
  from space 16896K, 97% used [0x00000000fb480000,0x00000000fc486478,0x00000000fc500000)
  to   space 35840K, 0% used [0x00000000fca00000,0x00000000fca00000,0x00000000fed00000)
 ParOldGen       total 250880K, used 185287K [0x00000000b5000000, 0x00000000c4500000, 0x00000000e7000000)
  object space 250880K, 73% used [0x00000000b5000000,0x00000000c04f1fc0,0x00000000c4500000)
 Metaspace       used 128986K, capacity 144846K, committed 145124K, reserved 1175552K
  class space    used 15760K, capacity 19896K, committed 19956K, reserved 1048576K
}

